TN:
SF:C:\SHARED\WORKSPACE\projects\my-nft-solution\contracts\MillionR_Exchange_V1.sol
FN:18,constructor
FN:22,initialize
FNF:2
FNH:2
FNDA:3,constructor
FNDA:3,initialize
DA:24,3
DA:25,3
LF:2
LH:2
BRF:0
BRH:0
end_of_record
TN:
SF:C:\SHARED\WORKSPACE\projects\my-nft-solution\contracts\MillionR_V1.sol
FN:20,addVipMember
FN:33,constructor
FN:40,initialize
FN:60,addMember
FN:65,updateMember
FN:70,isMemberExisting
FN:74,someMembersExisting
FN:87,getMember
FN:91,getMembersCount
FN:96,_safeTransferFrom
FN:108,_safeBatchTransferFrom
FN:124,setURI
FN:133,mint
FN:142,everyUint256
FN:161,mintBatch
FNF:15
FNH:9
FNDA:0,addVipMember
FNDA:3,constructor
FNDA:4,initialize
FNDA:58,addMember
FNDA:0,updateMember
FNDA:76,isMemberExisting
FNDA:0,someMembersExisting
FNDA:3,getMember
FNDA:6,getMembersCount
FNDA:0,_safeTransferFrom
FNDA:0,_safeBatchTransferFrom
FNDA:0,setURI
FNDA:18,mint
FNDA:4,everyUint256
FNDA:4,mintBatch
DA:21,0
DA:24,0
DA:25,0
DA:26,0
DA:41,4
DA:42,4
DA:43,4
DA:44,4
DA:45,4
DA:46,4
DA:48,4
DA:61,58
DA:62,58
DA:66,0
DA:67,0
DA:71,76
DA:79,0
DA:80,0
DA:81,0
DA:84,0
DA:88,3
DA:92,6
DA:103,0
DA:105,0
DA:115,0
DA:117,0
DA:118,0
DA:125,0
DA:134,18
DA:135,10
DA:137,8
DA:138,8
DA:147,4
DA:148,50
DA:149,0
DA:153,4
DA:164,4
DA:166,4
DA:168,4
DA:169,50
LF:40
LH:23
BRDA:21,1,0,0
BRDA:21,1,1,0
BRDA:61,2,0,58
BRDA:61,2,1,0
BRDA:66,3,0,0
BRDA:66,3,1,0
BRDA:80,4,0,0
BRDA:80,4,1,0
BRDA:134,5,0,10
BRDA:134,5,1,8
BRDA:148,6,0,0
BRDA:148,6,1,50
BRDA:164,7,0,4
BRDA:164,7,1,0
BRF:14
BRH:5
end_of_record
TN:
SF:C:\SHARED\WORKSPACE\projects\my-nft-solution\contracts\MillionR_V2.sol
FNF:0
FNH:0
LF:0
LH:0
BRF:0
BRH:0
end_of_record
