{"contracts\\MillionR_Exchange_V1.sol":{"l":{"24":3,"25":3},"path":"C:\\SHARED\\WORKSPACE\\projects\\my-nft-solution\\contracts\\MillionR_Exchange_V1.sol","s":{"1":7,"2":7},"b":{},"f":{"1":6,"2":7},"fnMap":{"1":{"name":"constructor","line":18,"loc":{"start":{"line":18,"column":4},"end":{"line":18,"column":31}}},"2":{"name":"initialize","line":22,"loc":{"start":{"line":20,"column":4},"end":{"line":26,"column":4}}}},"statementMap":{"1":{"start":{"line":24,"column":8},"end":{"line":24,"column":46}},"2":{"start":{"line":25,"column":8},"end":{"line":25,"column":23}}},"branchMap":{}},"contracts\\MillionR_V1.sol":{"l":{"21":0,"24":0,"25":0,"26":0,"41":4,"42":4,"43":4,"44":4,"45":4,"46":4,"48":4,"61":58,"62":58,"66":0,"67":0,"71":76,"79":0,"80":0,"81":0,"84":0,"88":3,"92":6,"103":0,"105":0,"115":0,"117":0,"118":0,"125":0,"134":18,"135":10,"137":8,"138":8,"147":4,"148":50,"149":0,"153":4,"164":4,"166":4,"168":4,"169":50},"path":"C:\\SHARED\\WORKSPACE\\projects\\my-nft-solution\\contracts\\MillionR_V1.sol","s":{"1":0,"2":0,"3":0,"4":0,"5":7,"6":7,"7":7,"8":7,"9":7,"10":7,"11":7,"12":58,"13":58,"14":0,"15":0,"16":76,"17":0,"18":0,"19":0,"20":0,"21":3,"22":6,"23":0,"24":0,"25":0,"26":0,"27":0,"28":0,"29":18,"30":10,"31":8,"32":8,"33":4,"34":50,"35":0,"36":4,"37":4,"38":4,"39":4,"40":50},"b":{"1":[0,0],"2":[58,0],"3":[0,0],"4":[0,0],"5":[10,8],"6":[0,50],"7":[4,0]},"f":{"1":0,"2":6,"3":7,"4":58,"5":0,"6":76,"7":0,"8":3,"9":6,"10":0,"11":0,"12":0,"13":18,"14":4,"15":4},"fnMap":{"1":{"name":"addVipMember","line":20,"loc":{"start":{"line":20,"column":4},"end":{"line":27,"column":4}}},"2":{"name":"constructor","line":33,"loc":{"start":{"line":33,"column":4},"end":{"line":33,"column":31}}},"3":{"name":"initialize","line":40,"loc":{"start":{"line":35,"column":4},"end":{"line":49,"column":4}}},"4":{"name":"addMember","line":60,"loc":{"start":{"line":60,"column":4},"end":{"line":63,"column":4}}},"5":{"name":"updateMember","line":65,"loc":{"start":{"line":65,"column":4},"end":{"line":68,"column":4}}},"6":{"name":"isMemberExisting","line":70,"loc":{"start":{"line":70,"column":4},"end":{"line":72,"column":4}}},"7":{"name":"someMembersExisting","line":74,"loc":{"start":{"line":74,"column":4},"end":{"line":85,"column":4}}},"8":{"name":"getMember","line":87,"loc":{"start":{"line":87,"column":4},"end":{"line":89,"column":4}}},"9":{"name":"getMembersCount","line":91,"loc":{"start":{"line":91,"column":4},"end":{"line":93,"column":4}}},"10":{"name":"_safeTransferFrom","line":96,"loc":{"start":{"line":96,"column":4},"end":{"line":106,"column":4}}},"11":{"name":"_safeBatchTransferFrom","line":108,"loc":{"start":{"line":108,"column":4},"end":{"line":120,"column":4}}},"12":{"name":"setURI","line":124,"loc":{"start":{"line":124,"column":4},"end":{"line":126,"column":4}}},"13":{"name":"mint","line":133,"loc":{"start":{"line":128,"column":4},"end":{"line":140,"column":4}}},"14":{"name":"everyUint256","line":142,"loc":{"start":{"line":142,"column":4},"end":{"line":154,"column":4}}},"15":{"name":"mintBatch","line":161,"loc":{"start":{"line":156,"column":4},"end":{"line":171,"column":4}}}},"statementMap":{"1":{"start":{"line":21,"column":8},"end":{"line":21,"column":61}},"2":{"start":{"line":24,"column":8},"end":{"line":24,"column":51}},"3":{"start":{"line":25,"column":8},"end":{"line":25,"column":75}},"4":{"start":{"line":26,"column":8},"end":{"line":26,"column":48}},"5":{"start":{"line":41,"column":8},"end":{"line":41,"column":29}},"6":{"start":{"line":42,"column":8},"end":{"line":42,"column":23}},"7":{"start":{"line":43,"column":8},"end":{"line":43,"column":21}},"8":{"start":{"line":44,"column":8},"end":{"line":44,"column":25}},"9":{"start":{"line":45,"column":8},"end":{"line":45,"column":37}},"10":{"start":{"line":46,"column":8},"end":{"line":46,"column":21}},"11":{"start":{"line":48,"column":8},"end":{"line":48,"column":30}},"12":{"start":{"line":61,"column":8},"end":{"line":61,"column":57}},"13":{"start":{"line":62,"column":8},"end":{"line":62,"column":35}},"14":{"start":{"line":66,"column":8},"end":{"line":66,"column":64}},"15":{"start":{"line":67,"column":8},"end":{"line":67,"column":35}},"16":{"start":{"line":71,"column":8},"end":{"line":71,"column":39}},"17":{"start":{"line":79,"column":8},"end":{"line":79,"column":2502}},"18":{"start":{"line":80,"column":12},"end":{"line":80,"column":2560}},"19":{"start":{"line":81,"column":16},"end":{"line":81,"column":27}},"20":{"start":{"line":84,"column":8},"end":{"line":84,"column":20}},"21":{"start":{"line":88,"column":8},"end":{"line":88,"column":34}},"22":{"start":{"line":92,"column":8},"end":{"line":92,"column":35}},"23":{"start":{"line":103,"column":8},"end":{"line":103,"column":58}},"24":{"start":{"line":105,"column":8},"end":{"line":105,"column":27}},"25":{"start":{"line":115,"column":8},"end":{"line":115,"column":65}},"26":{"start":{"line":117,"column":8},"end":{"line":117,"column":3462}},"27":{"start":{"line":118,"column":12},"end":{"line":118,"column":35}},"28":{"start":{"line":125,"column":8},"end":{"line":125,"column":22}},"29":{"start":{"line":134,"column":8},"end":{"line":134,"column":3826}},"30":{"start":{"line":135,"column":12},"end":{"line":135,"column":37}},"31":{"start":{"line":137,"column":12},"end":{"line":137,"column":43}},"32":{"start":{"line":138,"column":12},"end":{"line":138,"column":33}},"33":{"start":{"line":147,"column":8},"end":{"line":147,"column":4162}},"34":{"start":{"line":148,"column":12},"end":{"line":148,"column":4225}},"35":{"start":{"line":149,"column":16},"end":{"line":149,"column":28}},"36":{"start":{"line":153,"column":8},"end":{"line":153,"column":19}},"37":{"start":{"line":164,"column":8},"end":{"line":164,"column":68}},"38":{"start":{"line":166,"column":8},"end":{"line":166,"column":41}},"39":{"start":{"line":168,"column":8},"end":{"line":168,"column":4717}},"40":{"start":{"line":169,"column":12},"end":{"line":169,"column":32}}},"branchMap":{"1":{"line":21,"type":"if","locations":[{"start":{"line":21,"column":8},"end":{"line":21,"column":8}},{"start":{"line":21,"column":8},"end":{"line":21,"column":8}}]},"2":{"line":61,"type":"if","locations":[{"start":{"line":61,"column":8},"end":{"line":61,"column":8}},{"start":{"line":61,"column":8},"end":{"line":61,"column":8}}]},"3":{"line":66,"type":"if","locations":[{"start":{"line":66,"column":8},"end":{"line":66,"column":8}},{"start":{"line":66,"column":8},"end":{"line":66,"column":8}}]},"4":{"line":80,"type":"if","locations":[{"start":{"line":80,"column":12},"end":{"line":80,"column":12}},{"start":{"line":80,"column":12},"end":{"line":80,"column":12}}]},"5":{"line":134,"type":"if","locations":[{"start":{"line":134,"column":8},"end":{"line":134,"column":8}},{"start":{"line":134,"column":8},"end":{"line":134,"column":8}}]},"6":{"line":148,"type":"if","locations":[{"start":{"line":148,"column":12},"end":{"line":148,"column":12}},{"start":{"line":148,"column":12},"end":{"line":148,"column":12}}]},"7":{"line":164,"type":"if","locations":[{"start":{"line":164,"column":8},"end":{"line":164,"column":8}},{"start":{"line":164,"column":8},"end":{"line":164,"column":8}}]}}},"contracts\\MillionR_V2.sol":{"l":{},"path":"C:\\SHARED\\WORKSPACE\\projects\\my-nft-solution\\contracts\\MillionR_V2.sol","s":{},"b":{},"f":{},"fnMap":{},"statementMap":{},"branchMap":{}}}