{
"contracts\\ERC1155\\MillionrERC1155.sol":{"l":{"35":7,"36":7,"37":7,"38":7,"39":7,"50":2,"51":2,"71":3,"80":9,"81":9,"82":7,"83":5,"85":3,"86":3,"87":3},"path":"C:\\SHARED\\WORKSPACE\\projects\\millionr.club\\packages\\ether-backend\\contracts\\ERC1155\\MillionrERC1155.sol","s":{"1":7,"2":7,"3":7,"4":7,"5":7,"6":2,"7":2,"8":3,"9":9,"10":9,"11":7,"12":5,"13":3,"14":3,"15":3},"b":{"1":[9,0],"2":[7,2],"3":[5,2],"4":[3,2]},"f":{"1":7,"2":2,"3":3,"4":9},"fnMap":{"1":{"name":"initialize","line":34,"loc":{"start":{"line":28,"column":4},"end":{"line":40,"column":4}}},"2":{"name":"_safeTransferFrom","line":43,"loc":{"start":{"line":43,"column":4},"end":{"line":52,"column":4}}},"3":{"name":"generateTokenId","line":70,"loc":{"start":{"line":70,"column":4},"end":{"line":72,"column":4}}},"4":{"name":"mint","line":79,"loc":{"start":{"line":74,"column":4},"end":{"line":88,"column":4}}}},"statementMap":{"1":{"start":{"line":35,"column":8},"end":{"line":35,"column":29}},"2":{"start":{"line":36,"column":8},"end":{"line":36,"column":23}},"3":{"start":{"line":37,"column":8},"end":{"line":37,"column":72}},"4":{"start":{"line":38,"column":8},"end":{"line":38,"column":21}},"5":{"start":{"line":39,"column":8},"end":{"line":39,"column":25}},"6":{"start":{"line":50,"column":8},"end":{"line":50,"column":58}},"7":{"start":{"line":51,"column":8},"end":{"line":51,"column":33}},"8":{"start":{"line":71,"column":8},"end":{"line":71,"column":29}},"9":{"start":{"line":80,"column":8},"end":{"line":80,"column":28}},"10":{"start":{"line":81,"column":8},"end":{"line":81,"column":75}},"11":{"start":{"line":82,"column":8},"end":{"line":82,"column":54}},"12":{"start":{"line":83,"column":8},"end":{"line":83,"column":69}},"13":{"start":{"line":85,"column":8},"end":{"line":85,"column":51}},"14":{"start":{"line":86,"column":8},"end":{"line":86,"column":32}},"15":{"start":{"line":87,"column":8},"end":{"line":87,"column":24}}},"branchMap":{"1":{"line":80,"type":"if","locations":[{"start":{"line":80,"column":8},"end":{"line":80,"column":8}},{"start":{"line":80,"column":8},"end":{"line":80,"column":8}}]},"2":{"line":81,"type":"if","locations":[{"start":{"line":81,"column":8},"end":{"line":81,"column":8}},{"start":{"line":81,"column":8},"end":{"line":81,"column":8}}]},"3":{"line":82,"type":"if","locations":[{"start":{"line":82,"column":8},"end":{"line":82,"column":8}},{"start":{"line":82,"column":8},"end":{"line":82,"column":8}}]},"4":{"line":83,"type":"if","locations":[{"start":{"line":83,"column":8},"end":{"line":83,"column":8}},{"start":{"line":83,"column":8},"end":{"line":83,"column":8}}]}}},
"contracts\\ERC1155\\MillionrERC1155Test.sol":{"l":{},"path":"C:\\SHARED\\WORKSPACE\\projects\\millionr.club\\packages\\ether-backend\\contracts\\ERC1155\\MillionrERC1155Test.sol","s":{},"b":{},"f":{},"fnMap":{},"statementMap":{},"branchMap":{}},
"contracts\\Members\\MillionrMembers.sol":{"l":{"23":13,"24":13,"29":9,"30":7,"32":5,"37":9,"38":7,"39":5,"40":3,"42":1,"46":8,"47":8,"51":3,"52":3,"56":7},"path":"C:\\SHARED\\WORKSPACE\\projects\\millionr.club\\packages\\ether-backend\\contracts\\Members\\MillionrMembers.sol","s":{"1":13,"2":13,"3":9,"4":7,"5":5,"6":9,"7":7,"8":5,"9":3,"10":1,"11":8,"12":8,"13":3,"14":3,"15":7},"b":{"1":[7,2],"2":[5,2],"3":[7,2],"4":[5,2],"5":[3,2],"6":[1,2]},"f":{"1":13,"2":9,"3":9,"4":8,"5":3,"6":7},"fnMap":{"1":{"name":"initialize","line":20,"loc":{"start":{"line":20,"column":4},"end":{"line":25,"column":4}}},"2":{"name":"joinMember","line":28,"loc":{"start":{"line":28,"column":4},"end":{"line":33,"column":4}}},"3":{"name":"transferMember","line":36,"loc":{"start":{"line":36,"column":4},"end":{"line":43,"column":4}}},"4":{"name":"addMember","line":45,"loc":{"start":{"line":45,"column":4},"end":{"line":48,"column":4}}},"5":{"name":"updateMember","line":50,"loc":{"start":{"line":50,"column":4},"end":{"line":53,"column":4}}},"6":{"name":"isMemberExisting","line":55,"loc":{"start":{"line":55,"column":4},"end":{"line":57,"column":4}}}},"statementMap":{"1":{"start":{"line":23,"column":8},"end":{"line":23,"column":29}},"2":{"start":{"line":24,"column":8},"end":{"line":24,"column":40}},"3":{"start":{"line":29,"column":8},"end":{"line":29,"column":69}},"4":{"start":{"line":30,"column":8},"end":{"line":30,"column":67}},"5":{"start":{"line":32,"column":8},"end":{"line":32,"column":28}},"6":{"start":{"line":37,"column":8},"end":{"line":37,"column":58}},"7":{"start":{"line":38,"column":8},"end":{"line":38,"column":63}},"8":{"start":{"line":39,"column":8},"end":{"line":39,"column":70}},"9":{"start":{"line":40,"column":8},"end":{"line":40,"column":66}},"10":{"start":{"line":42,"column":8},"end":{"line":42,"column":29}},"11":{"start":{"line":46,"column":8},"end":{"line":46,"column":28}},"12":{"start":{"line":47,"column":8},"end":{"line":47,"column":35}},"13":{"start":{"line":51,"column":8},"end":{"line":51,"column":25}},"14":{"start":{"line":52,"column":8},"end":{"line":52,"column":37}},"15":{"start":{"line":56,"column":8},"end":{"line":56,"column":34}}},"branchMap":{"1":{"line":29,"type":"if","locations":[{"start":{"line":29,"column":8},"end":{"line":29,"column":8}},{"start":{"line":29,"column":8},"end":{"line":29,"column":8}}]},"2":{"line":30,"type":"if","locations":[{"start":{"line":30,"column":8},"end":{"line":30,"column":8}},{"start":{"line":30,"column":8},"end":{"line":30,"column":8}}]},"3":{"line":37,"type":"if","locations":[{"start":{"line":37,"column":8},"end":{"line":37,"column":8}},{"start":{"line":37,"column":8},"end":{"line":37,"column":8}}]},"4":{"line":38,"type":"if","locations":[{"start":{"line":38,"column":8},"end":{"line":38,"column":8}},{"start":{"line":38,"column":8},"end":{"line":38,"column":8}}]},"5":{"line":39,"type":"if","locations":[{"start":{"line":39,"column":8},"end":{"line":39,"column":8}},{"start":{"line":39,"column":8},"end":{"line":39,"column":8}}]},"6":{"line":40,"type":"if","locations":[{"start":{"line":40,"column":8},"end":{"line":40,"column":8}},{"start":{"line":40,"column":8},"end":{"line":40,"column":8}}]}}},
"contracts\\Members\\MillionrMembersTest.sol":{"l":{},"path":"C:\\SHARED\\WORKSPACE\\projects\\millionr.club\\packages\\ether-backend\\contracts\\Members\\MillionrMembersTest.sol","s":{},"b":{},"f":{},"fnMap":{},"statementMap":{},"branchMap":{}}}
