{
"contracts\\ERC1155\\Millionr1155.sol":{"l":{"36":0,"37":0,"38":0,"39":0,"77":0,"78":0,"79":0,"82":0},"path":"C:\\SHARED\\WORKSPACE\\projects\\millionr.club\\packages\\ether-backend\\contracts\\ERC1155\\Millionr1155.sol","s":{"1":0,"2":0,"3":0,"4":0,"5":0,"6":0,"7":0,"8":0},"b":{"1":[0,0],"2":[0,0],"3":[0,0]},"f":{"1":0,"2":0,"3":0},"fnMap":{"1":{"name":"constructor","line":27,"loc":{"start":{"line":27,"column":4},"end":{"line":27,"column":31}}},"2":{"name":"initialize","line":35,"loc":{"start":{"line":29,"column":4},"end":{"line":40,"column":4}}},"3":{"name":"mint","line":76,"loc":{"start":{"line":71,"column":4},"end":{"line":83,"column":4}}}},"statementMap":{"1":{"start":{"line":36,"column":8},"end":{"line":36,"column":72}},"2":{"start":{"line":37,"column":8},"end":{"line":37,"column":21}},"3":{"start":{"line":38,"column":8},"end":{"line":38,"column":25}},"4":{"start":{"line":39,"column":8},"end":{"line":39,"column":22}},"5":{"start":{"line":77,"column":8},"end":{"line":77,"column":67}},"6":{"start":{"line":78,"column":8},"end":{"line":78,"column":75}},"7":{"start":{"line":79,"column":8},"end":{"line":79,"column":54}},"8":{"start":{"line":82,"column":8},"end":{"line":82,"column":37}}},"branchMap":{"1":{"line":77,"type":"if","locations":[{"start":{"line":77,"column":8},"end":{"line":77,"column":8}},{"start":{"line":77,"column":8},"end":{"line":77,"column":8}}]},"2":{"line":78,"type":"if","locations":[{"start":{"line":78,"column":8},"end":{"line":78,"column":8}},{"start":{"line":78,"column":8},"end":{"line":78,"column":8}}]},"3":{"line":79,"type":"if","locations":[{"start":{"line":79,"column":8},"end":{"line":79,"column":8}},{"start":{"line":79,"column":8},"end":{"line":79,"column":8}}]}}},
"contracts\\Members\\MillionrMembers.sol":{"l":{"23":6,"24":6,"29":9,"30":7,"32":5,"33":5,"38":9,"39":7,"40":5,"41":3,"43":1,"44":1,"48":5,"52":1,"56":7},"path":"C:\\SHARED\\WORKSPACE\\projects\\millionr.club\\packages\\ether-backend\\contracts\\Members\\MillionrMembers.sol","s":{"1":6,"2":6,"3":9,"4":7,"5":5,"6":5,"7":9,"8":7,"9":5,"10":3,"11":1,"12":1,"13":5,"14":1,"15":7},"b":{"1":[7,2],"2":[5,2],"3":[7,2],"4":[5,2],"5":[3,2],"6":[1,2]},"f":{"1":6,"2":9,"3":9,"4":5,"5":1,"6":7},"fnMap":{"1":{"name":"initialize","line":20,"loc":{"start":{"line":20,"column":4},"end":{"line":25,"column":4}}},"2":{"name":"joinMember","line":28,"loc":{"start":{"line":28,"column":4},"end":{"line":34,"column":4}}},"3":{"name":"transferMember","line":37,"loc":{"start":{"line":37,"column":4},"end":{"line":45,"column":4}}},"4":{"name":"addMember","line":47,"loc":{"start":{"line":47,"column":4},"end":{"line":49,"column":4}}},"5":{"name":"updateMember","line":51,"loc":{"start":{"line":51,"column":4},"end":{"line":53,"column":4}}},"6":{"name":"isMemberExisting","line":55,"loc":{"start":{"line":55,"column":4},"end":{"line":57,"column":4}}}},"statementMap":{"1":{"start":{"line":23,"column":8},"end":{"line":23,"column":29}},"2":{"start":{"line":24,"column":8},"end":{"line":24,"column":46}},"3":{"start":{"line":29,"column":8},"end":{"line":29,"column":72}},"4":{"start":{"line":30,"column":8},"end":{"line":30,"column":67}},"5":{"start":{"line":32,"column":8},"end":{"line":32,"column":28}},"6":{"start":{"line":33,"column":8},"end":{"line":33,"column":35}},"7":{"start":{"line":38,"column":8},"end":{"line":38,"column":58}},"8":{"start":{"line":39,"column":8},"end":{"line":39,"column":63}},"9":{"start":{"line":40,"column":8},"end":{"line":40,"column":70}},"10":{"start":{"line":41,"column":8},"end":{"line":41,"column":66}},"11":{"start":{"line":43,"column":8},"end":{"line":43,"column":29}},"12":{"start":{"line":44,"column":8},"end":{"line":44,"column":37}},"13":{"start":{"line":48,"column":8},"end":{"line":48,"column":28}},"14":{"start":{"line":52,"column":8},"end":{"line":52,"column":25}},"15":{"start":{"line":56,"column":8},"end":{"line":56,"column":34}}},"branchMap":{"1":{"line":29,"type":"if","locations":[{"start":{"line":29,"column":8},"end":{"line":29,"column":8}},{"start":{"line":29,"column":8},"end":{"line":29,"column":8}}]},"2":{"line":30,"type":"if","locations":[{"start":{"line":30,"column":8},"end":{"line":30,"column":8}},{"start":{"line":30,"column":8},"end":{"line":30,"column":8}}]},"3":{"line":38,"type":"if","locations":[{"start":{"line":38,"column":8},"end":{"line":38,"column":8}},{"start":{"line":38,"column":8},"end":{"line":38,"column":8}}]},"4":{"line":39,"type":"if","locations":[{"start":{"line":39,"column":8},"end":{"line":39,"column":8}},{"start":{"line":39,"column":8},"end":{"line":39,"column":8}}]},"5":{"line":40,"type":"if","locations":[{"start":{"line":40,"column":8},"end":{"line":40,"column":8}},{"start":{"line":40,"column":8},"end":{"line":40,"column":8}}]},"6":{"line":41,"type":"if","locations":[{"start":{"line":41,"column":8},"end":{"line":41,"column":8}},{"start":{"line":41,"column":8},"end":{"line":41,"column":8}}]}}},
"contracts\\Members\\MillionrMembersTest.sol":{"l":{},"path":"C:\\SHARED\\WORKSPACE\\projects\\millionr.club\\packages\\ether-backend\\contracts\\Members\\MillionrMembersTest.sol","s":{},"b":{},"f":{},"fnMap":{},"statementMap":{},"branchMap":{}}}
