TN:
SF:C:\SHARED\WORKSPACE\projects\millionr.club\packages\ether-backend\contracts\ERC1155\MillionrERC1155.sol
FN:31,constructor
FN:39,initialize
FN:47,memberTransfer
FN:91,generateTokenId
FN:100,mint
FN:111,supportsInterface
FNF:6
FNH:5
FNDA:1,constructor
FNDA:7,initialize
FNDA:3,memberTransfer
FNDA:3,generateTokenId
FNDA:9,mint
FNDA:0,supportsInterface
DA:40,7
DA:41,7
DA:42,7
DA:43,7
DA:44,7
DA:55,3
DA:56,1
DA:92,3
DA:101,9
DA:102,9
DA:103,7
DA:104,5
DA:106,3
DA:107,3
DA:108,3
DA:118,0
LF:16
LH:15
BRDA:101,1,0,9
BRDA:101,1,1,0
BRDA:102,2,0,7
BRDA:102,2,1,2
BRDA:103,3,0,5
BRDA:103,3,1,2
BRDA:104,4,0,3
BRDA:104,4,1,2
BRF:8
BRH:7
end_of_record
TN:
SF:C:\SHARED\WORKSPACE\projects\millionr.club\packages\ether-backend\contracts\ERC1155\MillionrERC1155Test.sol
FNF:0
FNH:0
LF:0
LH:0
BRF:0
BRH:0
end_of_record
TN:
SF:C:\SHARED\WORKSPACE\projects\millionr.club\packages\ether-backend\contracts\Members\MillionrMembers.sol
FN:20,initialize
FN:28,joinMember
FN:36,transferMember
FN:46,memberTransfer
FN:62,addMember
FN:67,updateMember
FN:72,isMemberExisting
FNF:7
FNH:7
FNDA:12,initialize
FNDA:8,joinMember
FNDA:7,transferMember
FNDA:3,memberTransfer
FNDA:7,addMember
FNDA:2,updateMember
FNDA:6,isMemberExisting
DA:23,12
DA:24,12
DA:29,8
DA:30,6
DA:32,4
DA:37,7
DA:38,5
DA:39,3
DA:42,1
DA:54,3
DA:55,1
DA:56,1
DA:59,1
DA:63,7
DA:64,7
DA:68,2
DA:69,2
DA:73,6
LF:18
LH:18
BRDA:29,1,0,6
BRDA:29,1,1,2
BRDA:30,2,0,4
BRDA:30,2,1,2
BRDA:37,3,0,5
BRDA:37,3,1,2
BRDA:38,4,0,3
BRDA:38,4,1,2
BRDA:39,5,0,1
BRDA:39,5,1,2
BRDA:54,6,0,1
BRDA:54,6,1,2
BRDA:55,7,0,1
BRDA:55,7,1,0
BRDA:56,8,0,1
BRDA:56,8,1,0
BRF:16
BRH:14
end_of_record
TN:
SF:C:\SHARED\WORKSPACE\projects\millionr.club\packages\ether-backend\contracts\Members\MillionrMembersTest.sol
FNF:0
FNH:0
LF:0
LH:0
BRF:0
BRH:0
end_of_record
