TN:
SF:C:\SHARED\WORKSPACE\projects\millionr.club\packages\ether-backend\contracts\ERC1155\MillionrERC1155.sol
FN:34,initialize
FN:43,_safeTransferFrom
FN:70,generateTokenId
FN:79,mint
FNF:4
FNH:4
FNDA:7,initialize
FNDA:2,_safeTransferFrom
FNDA:3,generateTokenId
FNDA:9,mint
DA:35,7
DA:36,7
DA:37,7
DA:38,7
DA:39,7
DA:50,2
DA:51,2
DA:71,3
DA:80,9
DA:81,9
DA:82,7
DA:83,5
DA:85,3
DA:86,3
DA:87,3
LF:15
LH:15
BRDA:80,1,0,9
BRDA:80,1,1,0
BRDA:81,2,0,7
BRDA:81,2,1,2
BRDA:82,3,0,5
BRDA:82,3,1,2
BRDA:83,4,0,3
BRDA:83,4,1,2
BRF:8
BRH:7
end_of_record
TN:
SF:C:\SHARED\WORKSPACE\projects\millionr.club\packages\ether-backend\contracts\ERC1155\MillionrERC1155Test.sol
FNF:0
FNH:0
LF:0
LH:0
BRF:0
BRH:0
end_of_record
TN:
SF:C:\SHARED\WORKSPACE\projects\millionr.club\packages\ether-backend\contracts\Members\MillionrMembers.sol
FN:20,initialize
FN:28,joinMember
FN:36,transferMember
FN:45,addMember
FN:50,updateMember
FN:55,isMemberExisting
FNF:6
FNH:6
FNDA:13,initialize
FNDA:9,joinMember
FNDA:9,transferMember
FNDA:8,addMember
FNDA:3,updateMember
FNDA:7,isMemberExisting
DA:23,13
DA:24,13
DA:29,9
DA:30,7
DA:32,5
DA:37,9
DA:38,7
DA:39,5
DA:40,3
DA:42,1
DA:46,8
DA:47,8
DA:51,3
DA:52,3
DA:56,7
LF:15
LH:15
BRDA:29,1,0,7
BRDA:29,1,1,2
BRDA:30,2,0,5
BRDA:30,2,1,2
BRDA:37,3,0,7
BRDA:37,3,1,2
BRDA:38,4,0,5
BRDA:38,4,1,2
BRDA:39,5,0,3
BRDA:39,5,1,2
BRDA:40,6,0,1
BRDA:40,6,1,2
BRF:12
BRH:12
end_of_record
TN:
SF:C:\SHARED\WORKSPACE\projects\millionr.club\packages\ether-backend\contracts\Members\MillionrMembersTest.sol
FNF:0
FNH:0
LF:0
LH:0
BRF:0
BRH:0
end_of_record
