{
"contracts\\MillionR_Exchange_V1.sol":{"l":{"21":3,"22":3},"path":"C:\\SHARED\\WORKSPACE\\projects\\my-nft-solution\\contracts\\MillionR_Exchange_V1.sol","s":{"1":3,"2":3},"b":{},"f":{"1":3,"2":3},"fnMap":{"1":{"name":"constructor","line":16,"loc":{"start":{"line":16,"column":4},"end":{"line":16,"column":31}}},"2":{"name":"initialize","line":20,"loc":{"start":{"line":18,"column":4},"end":{"line":23,"column":4}}}},"statementMap":{"1":{"start":{"line":21,"column":8},"end":{"line":21,"column":46}},"2":{"start":{"line":22,"column":8},"end":{"line":22,"column":23}}},"branchMap":{}},
"contracts\\MillionR_V1.sol":{"l":{"26":4,"27":4,"28":4,"29":4,"30":4,"35":0,"36":0,"43":58,"44":58,"48":0,"49":0,"53":76,"61":4,"62":50,"63":0,"66":4,"70":3,"74":6,"85":0,"87":0,"97":0,"99":0,"100":0,"107":0,"116":18,"117":10,"119":8,"120":8,"129":4,"130":50,"131":0,"135":4,"144":4,"145":4,"147":4,"149":4,"150":50},"path":"C:\\SHARED\\WORKSPACE\\projects\\my-nft-solution\\contracts\\MillionR_V1.sol","s":{"1":4,"2":4,"3":4,"4":4,"5":4,"6":0,"7":0,"8":58,"9":58,"10":0,"11":0,"12":76,"13":4,"14":50,"15":0,"16":4,"17":3,"18":6,"19":0,"20":0,"21":0,"22":0,"23":0,"24":0,"25":18,"26":10,"27":8,"28":8,"29":4,"30":50,"31":0,"32":4,"33":4,"34":4,"35":4,"36":4,"37":50},"b":{"1":[0,0],"2":[58,0],"3":[0,0],"4":[0,50],"5":[10,8],"6":[0,50],"7":[4,0],"8":[4,0]},"f":{"1":3,"2":4,"3":0,"4":58,"5":0,"6":76,"7":4,"8":3,"9":6,"10":0,"11":0,"12":0,"13":18,"14":4,"15":4},"fnMap":{"1":{"name":"constructor","line":18,"loc":{"start":{"line":18,"column":4},"end":{"line":18,"column":31}}},"2":{"name":"initialize","line":25,"loc":{"start":{"line":20,"column":4},"end":{"line":31,"column":4}}},"3":{"name":"withdraw","line":34,"loc":{"start":{"line":34,"column":4},"end":{"line":37,"column":4}}},"4":{"name":"addMember","line":42,"loc":{"start":{"line":42,"column":4},"end":{"line":45,"column":4}}},"5":{"name":"updateMember","line":47,"loc":{"start":{"line":47,"column":4},"end":{"line":50,"column":4}}},"6":{"name":"isMemberExisting","line":52,"loc":{"start":{"line":52,"column":4},"end":{"line":54,"column":4}}},"7":{"name":"someMembersExisting","line":56,"loc":{"start":{"line":56,"column":4},"end":{"line":67,"column":4}}},"8":{"name":"getMember","line":69,"loc":{"start":{"line":69,"column":4},"end":{"line":71,"column":4}}},"9":{"name":"getMembersCount","line":73,"loc":{"start":{"line":73,"column":4},"end":{"line":75,"column":4}}},"10":{"name":"_safeTransferFrom","line":78,"loc":{"start":{"line":78,"column":4},"end":{"line":88,"column":4}}},"11":{"name":"_safeBatchTransferFrom","line":90,"loc":{"start":{"line":90,"column":4},"end":{"line":102,"column":4}}},"12":{"name":"setURI","line":106,"loc":{"start":{"line":106,"column":4},"end":{"line":108,"column":4}}},"13":{"name":"mint","line":115,"loc":{"start":{"line":110,"column":4},"end":{"line":122,"column":4}}},"14":{"name":"everyUint256","line":124,"loc":{"start":{"line":124,"column":4},"end":{"line":136,"column":4}}},"15":{"name":"mintBatch","line":143,"loc":{"start":{"line":138,"column":4},"end":{"line":152,"column":4}}}},"statementMap":{"1":{"start":{"line":26,"column":8},"end":{"line":26,"column":29}},"2":{"start":{"line":27,"column":8},"end":{"line":27,"column":23}},"3":{"start":{"line":28,"column":8},"end":{"line":28,"column":21}},"4":{"start":{"line":29,"column":8},"end":{"line":29,"column":25}},"5":{"start":{"line":30,"column":8},"end":{"line":30,"column":37}},"6":{"start":{"line":35,"column":8},"end":{"line":35,"column":88}},"7":{"start":{"line":36,"column":8},"end":{"line":36,"column":23}},"8":{"start":{"line":43,"column":8},"end":{"line":43,"column":57}},"9":{"start":{"line":44,"column":8},"end":{"line":44,"column":35}},"10":{"start":{"line":48,"column":8},"end":{"line":48,"column":64}},"11":{"start":{"line":49,"column":8},"end":{"line":49,"column":35}},"12":{"start":{"line":53,"column":8},"end":{"line":53,"column":39}},"13":{"start":{"line":61,"column":8},"end":{"line":61,"column":1964}},"14":{"start":{"line":62,"column":12},"end":{"line":62,"column":2022}},"15":{"start":{"line":63,"column":16},"end":{"line":63,"column":27}},"16":{"start":{"line":66,"column":8},"end":{"line":66,"column":20}},"17":{"start":{"line":70,"column":8},"end":{"line":70,"column":34}},"18":{"start":{"line":74,"column":8},"end":{"line":74,"column":35}},"19":{"start":{"line":85,"column":8},"end":{"line":85,"column":58}},"20":{"start":{"line":87,"column":8},"end":{"line":87,"column":27}},"21":{"start":{"line":97,"column":8},"end":{"line":97,"column":65}},"22":{"start":{"line":99,"column":8},"end":{"line":99,"column":2924}},"23":{"start":{"line":100,"column":12},"end":{"line":100,"column":35}},"24":{"start":{"line":107,"column":8},"end":{"line":107,"column":22}},"25":{"start":{"line":116,"column":8},"end":{"line":116,"column":3288}},"26":{"start":{"line":117,"column":12},"end":{"line":117,"column":37}},"27":{"start":{"line":119,"column":12},"end":{"line":119,"column":43}},"28":{"start":{"line":120,"column":12},"end":{"line":120,"column":33}},"29":{"start":{"line":129,"column":8},"end":{"line":129,"column":3624}},"30":{"start":{"line":130,"column":12},"end":{"line":130,"column":3687}},"31":{"start":{"line":131,"column":16},"end":{"line":131,"column":28}},"32":{"start":{"line":135,"column":8},"end":{"line":135,"column":19}},"33":{"start":{"line":144,"column":8},"end":{"line":144,"column":59}},"34":{"start":{"line":145,"column":8},"end":{"line":145,"column":68}},"35":{"start":{"line":147,"column":8},"end":{"line":147,"column":41}},"36":{"start":{"line":149,"column":8},"end":{"line":149,"column":4143}},"37":{"start":{"line":150,"column":12},"end":{"line":150,"column":32}}},"branchMap":{"1":{"line":36,"type":"if","locations":[{"start":{"line":36,"column":8},"end":{"line":36,"column":8}},{"start":{"line":36,"column":8},"end":{"line":36,"column":8}}]},"2":{"line":43,"type":"if","locations":[{"start":{"line":43,"column":8},"end":{"line":43,"column":8}},{"start":{"line":43,"column":8},"end":{"line":43,"column":8}}]},"3":{"line":48,"type":"if","locations":[{"start":{"line":48,"column":8},"end":{"line":48,"column":8}},{"start":{"line":48,"column":8},"end":{"line":48,"column":8}}]},"4":{"line":62,"type":"if","locations":[{"start":{"line":62,"column":12},"end":{"line":62,"column":12}},{"start":{"line":62,"column":12},"end":{"line":62,"column":12}}]},"5":{"line":116,"type":"if","locations":[{"start":{"line":116,"column":8},"end":{"line":116,"column":8}},{"start":{"line":116,"column":8},"end":{"line":116,"column":8}}]},"6":{"line":130,"type":"if","locations":[{"start":{"line":130,"column":12},"end":{"line":130,"column":12}},{"start":{"line":130,"column":12},"end":{"line":130,"column":12}}]},"7":{"line":144,"type":"if","locations":[{"start":{"line":144,"column":8},"end":{"line":144,"column":8}},{"start":{"line":144,"column":8},"end":{"line":144,"column":8}}]},"8":{"line":145,"type":"if","locations":[{"start":{"line":145,"column":8},"end":{"line":145,"column":8}},{"start":{"line":145,"column":8},"end":{"line":145,"column":8}}]}}},
"contracts\\MillionR_V2.sol":{"l":{},"path":"C:\\SHARED\\WORKSPACE\\projects\\my-nft-solution\\contracts\\MillionR_V2.sol","s":{},"b":{},"f":{},"fnMap":{},"statementMap":{},"branchMap":{}}}
