TN:
SF:C:\SHARED\WORKSPACE\projects\my-nft-solution\contracts\MillionR_Exchange_V1.sol
FN:16,constructor
FN:20,initialize
FNF:2
FNH:2
FNDA:3,constructor
FNDA:3,initialize
DA:21,3
DA:22,3
LF:2
LH:2
BRF:0
BRH:0
end_of_record
TN:
SF:C:\SHARED\WORKSPACE\projects\my-nft-solution\contracts\MillionR_V1.sol
FN:18,constructor
FN:25,initialize
FN:34,withdraw
FN:42,addMember
FN:47,updateMember
FN:52,isMemberExisting
FN:56,someMembersExisting
FN:69,getMember
FN:73,getMembersCount
FN:78,_safeTransferFrom
FN:90,_safeBatchTransferFrom
FN:106,setURI
FN:115,mint
FN:124,everyUint256
FN:143,mintBatch
FNF:15
FNH:10
FNDA:3,constructor
FNDA:4,initialize
FNDA:0,withdraw
FNDA:58,addMember
FNDA:0,updateMember
FNDA:76,isMemberExisting
FNDA:4,someMembersExisting
FNDA:3,getMember
FNDA:6,getMembersCount
FNDA:0,_safeTransferFrom
FNDA:0,_safeBatchTransferFrom
FNDA:0,setURI
FNDA:18,mint
FNDA:4,everyUint256
FNDA:4,mintBatch
DA:26,4
DA:27,4
DA:28,4
DA:29,4
DA:30,4
DA:35,0
DA:36,0
DA:43,58
DA:44,58
DA:48,0
DA:49,0
DA:53,76
DA:61,4
DA:62,50
DA:63,0
DA:66,4
DA:70,3
DA:74,6
DA:85,0
DA:87,0
DA:97,0
DA:99,0
DA:100,0
DA:107,0
DA:116,18
DA:117,10
DA:119,8
DA:120,8
DA:129,4
DA:130,50
DA:131,0
DA:135,4
DA:144,4
DA:145,4
DA:147,4
DA:149,4
DA:150,50
LF:37
LH:25
BRDA:36,1,0,0
BRDA:36,1,1,0
BRDA:43,2,0,58
BRDA:43,2,1,0
BRDA:48,3,0,0
BRDA:48,3,1,0
BRDA:62,4,0,0
BRDA:62,4,1,50
BRDA:116,5,0,10
BRDA:116,5,1,8
BRDA:130,6,0,0
BRDA:130,6,1,50
BRDA:144,7,0,4
BRDA:144,7,1,0
BRDA:145,8,0,4
BRDA:145,8,1,0
BRF:16
BRH:7
end_of_record
TN:
SF:C:\SHARED\WORKSPACE\projects\my-nft-solution\contracts\MillionR_V2.sol
FNF:0
FNH:0
LF:0
LH:0
BRF:0
BRH:0
end_of_record
