TN:
SF:C:\SHARED\WORKSPACE\projects\my-nft-solution\contracts\MillionR_Exchange_V1.sol
FN:16,constructor
FN:20,initialize
FNF:2
FNH:2
FNDA:3,constructor
FNDA:4,initialize
DA:21,4
DA:22,4
LF:2
LH:2
BRF:0
BRH:0
end_of_record
TN:
SF:C:\SHARED\WORKSPACE\projects\my-nft-solution\contracts\MillionR_V1.sol
FN:18,constructor
FN:25,initialize
FN:34,withdraw
FN:42,addMember
FN:47,updateMember
FN:52,isMemberExisting
FN:56,someMembersExisting
FN:69,getMember
FN:73,getMembersCount
FN:78,_safeTransferFrom
FN:90,_safeBatchTransferFrom
FN:106,setURI
FN:115,mint
FN:124,everyUint256
FN:143,mintBatch
FNF:15
FNH:2
FNDA:3,constructor
FNDA:3,initialize
FNDA:0,withdraw
FNDA:0,addMember
FNDA:0,updateMember
FNDA:0,isMemberExisting
FNDA:0,someMembersExisting
FNDA:0,getMember
FNDA:0,getMembersCount
FNDA:0,_safeTransferFrom
FNDA:0,_safeBatchTransferFrom
FNDA:0,setURI
FNDA:0,mint
FNDA:0,everyUint256
FNDA:0,mintBatch
DA:26,3
DA:27,3
DA:28,3
DA:29,3
DA:30,3
DA:35,0
DA:36,0
DA:43,0
DA:44,0
DA:48,0
DA:49,0
DA:53,0
DA:61,0
DA:62,0
DA:63,0
DA:66,0
DA:70,0
DA:74,0
DA:85,0
DA:87,0
DA:97,0
DA:99,0
DA:100,0
DA:107,0
DA:116,0
DA:117,0
DA:119,0
DA:120,0
DA:129,0
DA:130,0
DA:131,0
DA:135,0
DA:144,0
DA:145,0
DA:147,0
DA:149,0
DA:150,0
LF:37
LH:5
BRDA:36,1,0,0
BRDA:36,1,1,0
BRDA:43,2,0,0
BRDA:43,2,1,0
BRDA:48,3,0,0
BRDA:48,3,1,0
BRDA:62,4,0,0
BRDA:62,4,1,0
BRDA:116,5,0,0
BRDA:116,5,1,0
BRDA:130,6,0,0
BRDA:130,6,1,0
BRDA:144,7,0,0
BRDA:144,7,1,0
BRDA:145,8,0,0
BRDA:145,8,1,0
BRF:16
BRH:0
end_of_record
TN:
SF:C:\SHARED\WORKSPACE\projects\my-nft-solution\contracts\MillionR_V2.sol
FNF:0
FNH:0
LF:0
LH:0
BRF:0
BRH:0
end_of_record
